<?xml version="1.0" encoding="UTF-8"?>
<testng-results ignored="0" total="24" passed="21" failed="3" skipped="0">
  <reporter-output>
  </reporter-output>
  <suite started-at="2025-08-13T12:20:46 IST" name="Default suite" finished-at="2025-08-13T12:21:07 IST" duration-ms="21077">
    <groups>
      <group name="cucumber">
        <method signature="AbstractTestNGCucumberTests.runScenario(io.cucumber.testng.PickleWrapper,io.cucumber.testng.FeatureWrapper)[pri:0, instance:testRunner.TestRunner@11fc564b]" name="runScenario" class="io.cucumber.testng.AbstractTestNGCucumberTests"/>
      </group> <!-- cucumber -->
    </groups>
    <test started-at="2025-08-13T12:20:46 IST" name="Default test" finished-at="2025-08-13T12:21:07 IST" duration-ms="21077">
      <class name="testRunner.TestRunner">
        <test-method is-config="true" signature="startBrowser()[pri:0, instance:testRunner.TestRunner@11fc564b]" started-at="2025-08-13T12:20:22 IST" name="startBrowser" finished-at="2025-08-13T12:20:46 IST" duration-ms="23692" status="PASS">
          <reporter-output>
          </reporter-output>
        </test-method> <!-- startBrowser -->
        <test-method is-config="true" signature="setUpClass(org.testng.ITestContext)[pri:0, instance:testRunner.TestRunner@11fc564b]" started-at="2025-08-13T12:20:46 IST" name="setUpClass" finished-at="2025-08-13T12:20:47 IST" duration-ms="493" status="PASS">
          <params>
            <param index="0">
              <value>
                <![CDATA[org.testng.TestRunner@29d563bd]]>
              </value>
            </param>
          </params>
          <reporter-output>
          </reporter-output>
        </test-method> <!-- setUpClass -->
        <test-method signature="runScenario(io.cucumber.testng.PickleWrapper,io.cucumber.testng.FeatureWrapper)[pri:0, instance:testRunner.TestRunner@11fc564b]" started-at="2025-08-13T12:20:47 IST" name="runScenario" description="Runs Cucumber Scenarios" data-provider="scenarios" finished-at="2025-08-13T12:20:57 IST" duration-ms="10752" status="PASS">
          <params>
            <param index="0">
              <value>
                <![CDATA["Check for valid and invalid phone number format"]]>
              </value>
            </param>
            <param index="1">
              <value>
                <![CDATA["Hotel Booking – Input Format Validation"]]>
              </value>
            </param>
          </params>
          <reporter-output>
          </reporter-output>
        </test-method> <!-- runScenario -->
        <test-method signature="runScenario(io.cucumber.testng.PickleWrapper,io.cucumber.testng.FeatureWrapper)[pri:0, instance:testRunner.TestRunner@11fc564b]" started-at="2025-08-13T12:20:57 IST" name="runScenario" description="Runs Cucumber Scenarios" data-provider="scenarios" finished-at="2025-08-13T12:20:58 IST" duration-ms="803" status="FAIL">
          <params>
            <param index="0">
              <value>
                <![CDATA["Check for valid and invalid phone number format"]]>
              </value>
            </param>
            <param index="1">
              <value>
                <![CDATA["Hotel Booking – Input Format Validation"]]>
              </value>
            </param>
          </params>
          <exception class="java.lang.AssertionError">
            <message>
              <![CDATA[BUG FOUND: The phone number error message element could not be found. The form likely submitted incorrectly.]]>
            </message>
            <full-stacktrace>
              <![CDATA[java.lang.AssertionError: BUG FOUND: The phone number error message element could not be found. The form likely submitted incorrectly.
at org.testng.Assert.fail(Assert.java:111)
at Stepdefinitions.HotelBookingSteps.the_phone_number_validation_should_be(HotelBookingSteps.java:53)
at ✽.the phone number validation should be "invalid"(file:///C:/Users/H%20P/Downloads/EventManagementSystem/EventManagementSystem/src/test/resources/Features/HotelBookingInputFormat.feature:8)
]]>
            </full-stacktrace>
          </exception> <!-- java.lang.AssertionError -->
          <reporter-output>
          </reporter-output>
        </test-method> <!-- runScenario -->
        <test-method signature="runScenario(io.cucumber.testng.PickleWrapper,io.cucumber.testng.FeatureWrapper)[pri:0, instance:testRunner.TestRunner@11fc564b]" started-at="2025-08-13T12:20:58 IST" name="runScenario" description="Runs Cucumber Scenarios" data-provider="scenarios" finished-at="2025-08-13T12:20:59 IST" duration-ms="809" status="FAIL">
          <params>
            <param index="0">
              <value>
                <![CDATA["Validate past check-in date"]]>
              </value>
            </param>
            <param index="1">
              <value>
                <![CDATA["Hotel Booking – Input Format Validation"]]>
              </value>
            </param>
          </params>
          <exception class="java.lang.AssertionError">
            <message>
              <![CDATA[BUG FOUND: The check-in date error element was not found. This is a functional bug (no past date validation).]]>
            </message>
            <full-stacktrace>
              <![CDATA[java.lang.AssertionError: BUG FOUND: The check-in date error element was not found. This is a functional bug (no past date validation).
at org.testng.Assert.fail(Assert.java:111)
at Stepdefinitions.HotelBookingSteps.the_checkin_date_validation_should_be(HotelBookingSteps.java:82)
at ✽.the check-in date validation should be "invalid"(file:///C:/Users/H%20P/Downloads/EventManagementSystem/EventManagementSystem/src/test/resources/Features/HotelBookingInputFormat.feature:19)
]]>
            </full-stacktrace>
          </exception> <!-- java.lang.AssertionError -->
          <reporter-output>
          </reporter-output>
        </test-method> <!-- runScenario -->
        <test-method signature="runScenario(io.cucumber.testng.PickleWrapper,io.cucumber.testng.FeatureWrapper)[pri:0, instance:testRunner.TestRunner@11fc564b]" started-at="2025-08-13T12:20:59 IST" name="runScenario" description="Runs Cucumber Scenarios" data-provider="scenarios" finished-at="2025-08-13T12:20:59 IST" duration-ms="218" status="PASS">
          <params>
            <param index="0">
              <value>
                <![CDATA["Validate past check-in date"]]>
              </value>
            </param>
            <param index="1">
              <value>
                <![CDATA["Hotel Booking – Input Format Validation"]]>
              </value>
            </param>
          </params>
          <reporter-output>
          </reporter-output>
        </test-method> <!-- runScenario -->
        <test-method signature="runScenario(io.cucumber.testng.PickleWrapper,io.cucumber.testng.FeatureWrapper)[pri:0, instance:testRunner.TestRunner@11fc564b]" started-at="2025-08-13T12:20:59 IST" name="runScenario" description="Runs Cucumber Scenarios" data-provider="scenarios" finished-at="2025-08-13T12:20:59 IST" duration-ms="72" status="PASS">
          <params>
            <param index="0">
              <value>
                <![CDATA["Validate visibility of required fields on Hotel Booking page"]]>
              </value>
            </param>
            <param index="1">
              <value>
                <![CDATA["Hotel Booking – Input Format Validation"]]>
              </value>
            </param>
          </params>
          <reporter-output>
          </reporter-output>
        </test-method> <!-- runScenario -->
        <test-method signature="runScenario(io.cucumber.testng.PickleWrapper,io.cucumber.testng.FeatureWrapper)[pri:0, instance:testRunner.TestRunner@11fc564b]" started-at="2025-08-13T12:20:59 IST" name="runScenario" description="Runs Cucumber Scenarios" data-provider="scenarios" finished-at="2025-08-13T12:20:59 IST" duration-ms="61" status="PASS">
          <params>
            <param index="0">
              <value>
                <![CDATA["Validate visibility of required fields on Hotel Booking page"]]>
              </value>
            </param>
            <param index="1">
              <value>
                <![CDATA["Hotel Booking – Input Format Validation"]]>
              </value>
            </param>
          </params>
          <reporter-output>
          </reporter-output>
        </test-method> <!-- runScenario -->
        <test-method signature="runScenario(io.cucumber.testng.PickleWrapper,io.cucumber.testng.FeatureWrapper)[pri:0, instance:testRunner.TestRunner@11fc564b]" started-at="2025-08-13T12:20:59 IST" name="runScenario" description="Runs Cucumber Scenarios" data-provider="scenarios" finished-at="2025-08-13T12:20:59 IST" duration-ms="56" status="PASS">
          <params>
            <param index="0">
              <value>
                <![CDATA["Validate visibility of required fields on Hotel Booking page"]]>
              </value>
            </param>
            <param index="1">
              <value>
                <![CDATA["Hotel Booking – Input Format Validation"]]>
              </value>
            </param>
          </params>
          <reporter-output>
          </reporter-output>
        </test-method> <!-- runScenario -->
        <test-method signature="runScenario(io.cucumber.testng.PickleWrapper,io.cucumber.testng.FeatureWrapper)[pri:0, instance:testRunner.TestRunner@11fc564b]" started-at="2025-08-13T12:20:59 IST" name="runScenario" description="Runs Cucumber Scenarios" data-provider="scenarios" finished-at="2025-08-13T12:20:59 IST" duration-ms="53" status="PASS">
          <params>
            <param index="0">
              <value>
                <![CDATA["Validate visibility of required fields on Hotel Booking page"]]>
              </value>
            </param>
            <param index="1">
              <value>
                <![CDATA["Hotel Booking – Input Format Validation"]]>
              </value>
            </param>
          </params>
          <reporter-output>
          </reporter-output>
        </test-method> <!-- runScenario -->
        <test-method signature="runScenario(io.cucumber.testng.PickleWrapper,io.cucumber.testng.FeatureWrapper)[pri:0, instance:testRunner.TestRunner@11fc564b]" started-at="2025-08-13T12:20:59 IST" name="runScenario" description="Runs Cucumber Scenarios" data-provider="scenarios" finished-at="2025-08-13T12:21:00 IST" duration-ms="57" status="PASS">
          <params>
            <param index="0">
              <value>
                <![CDATA["Validate visibility of required fields on Hotel Booking page"]]>
              </value>
            </param>
            <param index="1">
              <value>
                <![CDATA["Hotel Booking – Input Format Validation"]]>
              </value>
            </param>
          </params>
          <reporter-output>
          </reporter-output>
        </test-method> <!-- runScenario -->
        <test-method signature="runScenario(io.cucumber.testng.PickleWrapper,io.cucumber.testng.FeatureWrapper)[pri:0, instance:testRunner.TestRunner@11fc564b]" started-at="2025-08-13T12:21:00 IST" name="runScenario" description="Runs Cucumber Scenarios" data-provider="scenarios" finished-at="2025-08-13T12:21:00 IST" duration-ms="57" status="PASS">
          <params>
            <param index="0">
              <value>
                <![CDATA["Validate visibility of required fields on Hotel Booking page"]]>
              </value>
            </param>
            <param index="1">
              <value>
                <![CDATA["Hotel Booking – Input Format Validation"]]>
              </value>
            </param>
          </params>
          <reporter-output>
          </reporter-output>
        </test-method> <!-- runScenario -->
        <test-method signature="runScenario(io.cucumber.testng.PickleWrapper,io.cucumber.testng.FeatureWrapper)[pri:0, instance:testRunner.TestRunner@11fc564b]" started-at="2025-08-13T12:21:00 IST" name="runScenario" description="Runs Cucumber Scenarios" data-provider="scenarios" finished-at="2025-08-13T12:21:00 IST" duration-ms="50" status="PASS">
          <params>
            <param index="0">
              <value>
                <![CDATA["Validate visibility of required fields on Hotel Booking page"]]>
              </value>
            </param>
            <param index="1">
              <value>
                <![CDATA["Hotel Booking – Input Format Validation"]]>
              </value>
            </param>
          </params>
          <reporter-output>
          </reporter-output>
        </test-method> <!-- runScenario -->
        <test-method signature="runScenario(io.cucumber.testng.PickleWrapper,io.cucumber.testng.FeatureWrapper)[pri:0, instance:testRunner.TestRunner@11fc564b]" started-at="2025-08-13T12:21:00 IST" name="runScenario" description="Runs Cucumber Scenarios" data-provider="scenarios" finished-at="2025-08-13T12:21:00 IST" duration-ms="59" status="PASS">
          <params>
            <param index="0">
              <value>
                <![CDATA["Validate visibility of required fields on Hotel Booking page"]]>
              </value>
            </param>
            <param index="1">
              <value>
                <![CDATA["Hotel Booking – Input Format Validation"]]>
              </value>
            </param>
          </params>
          <reporter-output>
          </reporter-output>
        </test-method> <!-- runScenario -->
        <test-method signature="runScenario(io.cucumber.testng.PickleWrapper,io.cucumber.testng.FeatureWrapper)[pri:0, instance:testRunner.TestRunner@11fc564b]" started-at="2025-08-13T12:21:00 IST" name="runScenario" description="Runs Cucumber Scenarios" data-provider="scenarios" finished-at="2025-08-13T12:21:00 IST" duration-ms="61" status="PASS">
          <params>
            <param index="0">
              <value>
                <![CDATA["Validate visibility of required fields on Hotel Booking page"]]>
              </value>
            </param>
            <param index="1">
              <value>
                <![CDATA["Hotel Booking – Input Format Validation"]]>
              </value>
            </param>
          </params>
          <reporter-output>
          </reporter-output>
        </test-method> <!-- runScenario -->
        <test-method signature="runScenario(io.cucumber.testng.PickleWrapper,io.cucumber.testng.FeatureWrapper)[pri:0, instance:testRunner.TestRunner@11fc564b]" started-at="2025-08-13T12:21:00 IST" name="runScenario" description="Runs Cucumber Scenarios" data-provider="scenarios" finished-at="2025-08-13T12:21:00 IST" duration-ms="58" status="PASS">
          <params>
            <param index="0">
              <value>
                <![CDATA["Validate visibility of required fields on Hotel Booking page"]]>
              </value>
            </param>
            <param index="1">
              <value>
                <![CDATA["Hotel Booking – Input Format Validation"]]>
              </value>
            </param>
          </params>
          <reporter-output>
          </reporter-output>
        </test-method> <!-- runScenario -->
        <test-method signature="runScenario(io.cucumber.testng.PickleWrapper,io.cucumber.testng.FeatureWrapper)[pri:0, instance:testRunner.TestRunner@11fc564b]" started-at="2025-08-13T12:21:00 IST" name="runScenario" description="Runs Cucumber Scenarios" data-provider="scenarios" finished-at="2025-08-13T12:21:02 IST" duration-ms="1811" status="PASS">
          <params>
            <param index="0">
              <value>
                <![CDATA["Submit the Hotel Booking form with all valid data from Excel"]]>
              </value>
            </param>
            <param index="1">
              <value>
                <![CDATA["Hotel Booking – Input Format Validation"]]>
              </value>
            </param>
          </params>
          <reporter-output>
          </reporter-output>
        </test-method> <!-- runScenario -->
        <test-method signature="runScenario(io.cucumber.testng.PickleWrapper,io.cucumber.testng.FeatureWrapper)[pri:0, instance:testRunner.TestRunner@11fc564b]" started-at="2025-08-13T12:21:02 IST" name="runScenario" description="Runs Cucumber Scenarios" data-provider="scenarios" finished-at="2025-08-13T12:21:02 IST" duration-ms="652" status="FAIL">
          <params>
            <param index="0">
              <value>
                <![CDATA["Validate booking form submission with all required fields empty"]]>
              </value>
            </param>
            <param index="1">
              <value>
                <![CDATA["Ticket Booking – Input Format Validation"]]>
              </value>
            </param>
          </params>
          <exception class="java.lang.AssertionError">
            <message>
              <![CDATA[From field validation missing. expected [false] but found [true]]]>
            </message>
            <full-stacktrace>
              <![CDATA[java.lang.AssertionError: From field validation missing. expected [false] but found [true]
at org.testng.Assert.fail(Assert.java:111)
at org.testng.Assert.failNotEquals(Assert.java:1590)
at org.testng.Assert.assertFalse(Assert.java:79)
at Stepdefinitions.TicketBookingSteps.all_required_validation_errors_should_appear(TicketBookingSteps.java:59)
at ✽.validation errors should appear for all required fields(file:///C:/Users/H%20P/Downloads/EventManagementSystem/EventManagementSystem/src/test/resources/Features/TicketBookingInputFormat.feature:7)
]]>
            </full-stacktrace>
          </exception> <!-- java.lang.AssertionError -->
          <reporter-output>
          </reporter-output>
        </test-method> <!-- runScenario -->
        <test-method signature="runScenario(io.cucumber.testng.PickleWrapper,io.cucumber.testng.FeatureWrapper)[pri:0, instance:testRunner.TestRunner@11fc564b]" started-at="2025-08-13T12:21:02 IST" name="runScenario" description="Runs Cucumber Scenarios" data-provider="scenarios" finished-at="2025-08-13T12:21:03 IST" duration-ms="772" status="PASS">
          <params>
            <param index="0">
              <value>
                <![CDATA["Validate required Booking Fields with one field missing"]]>
              </value>
            </param>
            <param index="1">
              <value>
                <![CDATA["Ticket Booking – Input Format Validation"]]>
              </value>
            </param>
          </params>
          <reporter-output>
          </reporter-output>
        </test-method> <!-- runScenario -->
        <test-method signature="runScenario(io.cucumber.testng.PickleWrapper,io.cucumber.testng.FeatureWrapper)[pri:0, instance:testRunner.TestRunner@11fc564b]" started-at="2025-08-13T12:21:03 IST" name="runScenario" description="Runs Cucumber Scenarios" data-provider="scenarios" finished-at="2025-08-13T12:21:04 IST" duration-ms="679" status="PASS">
          <params>
            <param index="0">
              <value>
                <![CDATA["Validate required Booking Fields with one field missing"]]>
              </value>
            </param>
            <param index="1">
              <value>
                <![CDATA["Ticket Booking – Input Format Validation"]]>
              </value>
            </param>
          </params>
          <reporter-output>
          </reporter-output>
        </test-method> <!-- runScenario -->
        <test-method signature="runScenario(io.cucumber.testng.PickleWrapper,io.cucumber.testng.FeatureWrapper)[pri:0, instance:testRunner.TestRunner@11fc564b]" started-at="2025-08-13T12:21:04 IST" name="runScenario" description="Runs Cucumber Scenarios" data-provider="scenarios" finished-at="2025-08-13T12:21:04 IST" duration-ms="634" status="PASS">
          <params>
            <param index="0">
              <value>
                <![CDATA["Validate required Booking Fields with one field missing"]]>
              </value>
            </param>
            <param index="1">
              <value>
                <![CDATA["Ticket Booking – Input Format Validation"]]>
              </value>
            </param>
          </params>
          <reporter-output>
          </reporter-output>
        </test-method> <!-- runScenario -->
        <test-method signature="runScenario(io.cucumber.testng.PickleWrapper,io.cucumber.testng.FeatureWrapper)[pri:0, instance:testRunner.TestRunner@11fc564b]" started-at="2025-08-13T12:21:04 IST" name="runScenario" description="Runs Cucumber Scenarios" data-provider="scenarios" finished-at="2025-08-13T12:21:05 IST" duration-ms="651" status="PASS">
          <params>
            <param index="0">
              <value>
                <![CDATA["Validate required Booking Fields with one field missing"]]>
              </value>
            </param>
            <param index="1">
              <value>
                <![CDATA["Ticket Booking – Input Format Validation"]]>
              </value>
            </param>
          </params>
          <reporter-output>
          </reporter-output>
        </test-method> <!-- runScenario -->
        <test-method signature="runScenario(io.cucumber.testng.PickleWrapper,io.cucumber.testng.FeatureWrapper)[pri:0, instance:testRunner.TestRunner@11fc564b]" started-at="2025-08-13T12:21:05 IST" name="runScenario" description="Runs Cucumber Scenarios" data-provider="scenarios" finished-at="2025-08-13T12:21:06 IST" duration-ms="620" status="PASS">
          <params>
            <param index="0">
              <value>
                <![CDATA["Validate required Booking Fields with one field missing"]]>
              </value>
            </param>
            <param index="1">
              <value>
                <![CDATA["Ticket Booking – Input Format Validation"]]>
              </value>
            </param>
          </params>
          <reporter-output>
          </reporter-output>
        </test-method> <!-- runScenario -->
        <test-method signature="runScenario(io.cucumber.testng.PickleWrapper,io.cucumber.testng.FeatureWrapper)[pri:0, instance:testRunner.TestRunner@11fc564b]" started-at="2025-08-13T12:21:06 IST" name="runScenario" description="Runs Cucumber Scenarios" data-provider="scenarios" finished-at="2025-08-13T12:21:06 IST" duration-ms="736" status="PASS">
          <params>
            <param index="0">
              <value>
                <![CDATA["Validate required Booking Fields with one field missing"]]>
              </value>
            </param>
            <param index="1">
              <value>
                <![CDATA["Ticket Booking – Input Format Validation"]]>
              </value>
            </param>
          </params>
          <reporter-output>
          </reporter-output>
        </test-method> <!-- runScenario -->
        <test-method signature="runScenario(io.cucumber.testng.PickleWrapper,io.cucumber.testng.FeatureWrapper)[pri:0, instance:testRunner.TestRunner@11fc564b]" started-at="2025-08-13T12:21:06 IST" name="runScenario" description="Runs Cucumber Scenarios" data-provider="scenarios" finished-at="2025-08-13T12:21:07 IST" duration-ms="659" status="PASS">
          <params>
            <param index="0">
              <value>
                <![CDATA["Validate required Booking Fields with one field missing"]]>
              </value>
            </param>
            <param index="1">
              <value>
                <![CDATA["Ticket Booking – Input Format Validation"]]>
              </value>
            </param>
          </params>
          <reporter-output>
          </reporter-output>
        </test-method> <!-- runScenario -->
        <test-method signature="runScenario(io.cucumber.testng.PickleWrapper,io.cucumber.testng.FeatureWrapper)[pri:0, instance:testRunner.TestRunner@11fc564b]" started-at="2025-08-13T12:21:07 IST" name="runScenario" description="Runs Cucumber Scenarios" data-provider="scenarios" finished-at="2025-08-13T12:21:07 IST" duration-ms="110" status="PASS">
          <params>
            <param index="0">
              <value>
                <![CDATA["Validate default value of Time dropdown is displayed"]]>
              </value>
            </param>
            <param index="1">
              <value>
                <![CDATA["Ticket Booking – Input Format Validation"]]>
              </value>
            </param>
          </params>
          <reporter-output>
          </reporter-output>
        </test-method> <!-- runScenario -->
        <test-method is-config="true" signature="tearDownClass()[pri:0, instance:testRunner.TestRunner@11fc564b]" started-at="2025-08-13T12:21:07 IST" name="tearDownClass" finished-at="2025-08-13T12:21:07 IST" duration-ms="20" status="PASS">
          <reporter-output>
          </reporter-output>
        </test-method> <!-- tearDownClass -->
        <test-method is-config="true" signature="closeBrowser()[pri:0, instance:testRunner.TestRunner@11fc564b]" started-at="2025-08-13T12:21:07 IST" name="closeBrowser" finished-at="2025-08-13T12:21:07 IST" duration-ms="209" status="PASS">
          <reporter-output>
          </reporter-output>
        </test-method> <!-- closeBrowser -->
      </class> <!-- testRunner.TestRunner -->
    </test> <!-- Default test -->
  </suite> <!-- Default suite -->
</testng-results>
